<?xml version="1.0" encoding="UTF-8"?>
<coverage generated="1553464062087" clover="3.2.0">
  <project timestamp="1553464062087" name="All files">
    <metrics statements="57" coveredstatements="50" conditionals="33" coveredconditionals="31" methods="21" coveredmethods="15" elements="111" coveredelements="96" complexity="0" loc="57" ncloc="57" packages="5" files="8" classes="8"/>
    <package name="images.icons">
      <metrics statements="1" coveredstatements="1" conditionals="0" coveredconditionals="0" methods="0" coveredmethods="0"/>
      <file name="Heart.js" path="C:\Users\Sara\proyectos-personales\books-shop-app\src\images\icons\Heart.js">
        <metrics statements="1" coveredstatements="1" conditionals="0" coveredconditionals="0" methods="0" coveredmethods="0"/>
        <line num="3" count="5" type="stmt"/>
      </file>
    </package>
    <package name="js.Card">
      <metrics statements="9" coveredstatements="9" conditionals="4" coveredconditionals="4" methods="3" coveredmethods="3"/>
      <file name="Card.js" path="C:\Users\Sara\proyectos-personales\books-shop-app\src\js\Card\Card.js">
        <metrics statements="9" coveredstatements="9" conditionals="4" coveredconditionals="4" methods="3" coveredmethods="3"/>
        <line num="10" count="4" type="stmt"/>
        <line num="11" count="4" type="stmt"/>
        <line num="15" count="4" type="stmt"/>
        <line num="19" count="2" type="stmt"/>
        <line num="20" count="2" type="cond" truecount="2" falsecount="0"/>
        <line num="21" count="2" type="cond" truecount="2" falsecount="0"/>
        <line num="22" count="2" type="stmt"/>
        <line num="26" count="2" type="stmt"/>
        <line num="30" count="8" type="stmt"/>
      </file>
    </package>
    <package name="js.Modal">
      <metrics statements="6" coveredstatements="6" conditionals="0" coveredconditionals="0" methods="3" coveredmethods="3"/>
      <file name="Modal.js" path="C:\Users\Sara\proyectos-personales\books-shop-app\src\js\Modal\Modal.js">
        <metrics statements="6" coveredstatements="6" conditionals="0" coveredconditionals="0" methods="3" coveredmethods="3"/>
        <line num="8" count="3" type="stmt"/>
        <line num="9" count="3" type="stmt"/>
        <line num="12" count="3" type="stmt"/>
        <line num="16" count="1" type="stmt"/>
        <line num="17" count="1" type="stmt"/>
        <line num="23" count="5" type="stmt"/>
      </file>
    </package>
    <package name="redux">
      <metrics statements="29" coveredstatements="22" conditionals="20" coveredconditionals="18" methods="12" coveredmethods="6"/>
      <file name="actions.js" path="C:\Users\Sara\proyectos-personales\books-shop-app\src\redux\actions.js">
        <metrics statements="21" coveredstatements="21" conditionals="18" coveredconditionals="18" methods="6" coveredmethods="6"/>
        <line num="6" count="5" type="stmt"/>
        <line num="7" count="5" type="stmt"/>
        <line num="8" count="5" type="stmt"/>
        <line num="11" count="1" type="stmt"/>
        <line num="12" count="1" type="stmt"/>
        <line num="13" count="1" type="stmt"/>
        <line num="20" count="3" type="cond" truecount="5" falsecount="0"/>
        <line num="21" count="2" type="stmt"/>
        <line num="23" count="3" type="cond" truecount="5" falsecount="0"/>
        <line num="24" count="2" type="stmt"/>
        <line num="26" count="3" type="stmt"/>
        <line num="33" count="2" type="stmt"/>
        <line num="36" count="2" type="stmt"/>
        <line num="39" count="2" type="stmt"/>
        <line num="42" count="2" type="cond" truecount="2" falsecount="0"/>
        <line num="43" count="2" type="cond" truecount="2" falsecount="0"/>
        <line num="46" count="2" type="cond" truecount="2" falsecount="0"/>
        <line num="47" count="2" type="stmt"/>
        <line num="50" count="2" type="cond" truecount="2" falsecount="0"/>
        <line num="51" count="2" type="stmt"/>
        <line num="53" count="2" type="stmt"/>
      </file>
      <file name="actionsUtils.js" path="C:\Users\Sara\proyectos-personales\books-shop-app\src\redux\actionsUtils.js">
        <metrics statements="8" coveredstatements="1" conditionals="2" coveredconditionals="0" methods="6" coveredmethods="0"/>
        <line num="4" count="0" type="stmt"/>
        <line num="5" count="0" type="stmt"/>
        <line num="6" count="0" type="stmt"/>
        <line num="10" count="0" type="stmt"/>
        <line num="11" count="0" type="stmt"/>
        <line num="12" count="0" type="stmt"/>
        <line num="16" count="0" type="cond" truecount="0" falsecount="2"/>
        <line num="19" count="5" type="stmt"/>
      </file>
    </package>
    <package name="redux.reducers">
      <metrics statements="12" coveredstatements="12" conditionals="9" coveredconditionals="9" methods="3" coveredmethods="3"/>
      <file name="buildPurchaseArray.js" path="C:\Users\Sara\proyectos-personales\books-shop-app\src\redux\reducers\buildPurchaseArray.js">
        <metrics statements="4" coveredstatements="4" conditionals="3" coveredconditionals="3" methods="1" coveredmethods="1"/>
        <line num="3" count="1" type="stmt"/>
        <line num="8" count="3" type="cond" truecount="2" falsecount="0"/>
        <line num="10" count="2" type="stmt"/>
        <line num="12" count="1" type="stmt"/>
      </file>
      <file name="mapInfo.js" path="C:\Users\Sara\proyectos-personales\books-shop-app\src\redux\reducers\mapInfo.js">
        <metrics statements="4" coveredstatements="4" conditionals="3" coveredconditionals="3" methods="1" coveredmethods="1"/>
        <line num="3" count="1" type="stmt"/>
        <line num="9" count="3" type="cond" truecount="2" falsecount="0"/>
        <line num="11" count="2" type="stmt"/>
        <line num="13" count="1" type="stmt"/>
      </file>
      <file name="requestInfo.js" path="C:\Users\Sara\proyectos-personales\books-shop-app\src\redux\reducers\requestInfo.js">
        <metrics statements="4" coveredstatements="4" conditionals="3" coveredconditionals="3" methods="1" coveredmethods="1"/>
        <line num="3" count="1" type="stmt"/>
        <line num="8" count="3" type="cond" truecount="2" falsecount="0"/>
        <line num="10" count="2" type="stmt"/>
        <line num="12" count="1" type="stmt"/>
      </file>
    </package>
  </project>
</coverage>
