{"C:\\Users\\Sara\\proyectos-personales\\books-shop-app\\src\\images\\icons\\Heart.js": {"path":"C:\\Users\\Sara\\proyectos-personales\\books-shop-app\\src\\images\\icons\\Heart.js","statementMap":{"0":{"start":{"line":3,"column":21},"end":{"line":3,"column":508}}},"fnMap":{},"branchMap":{},"s":{"0":5},"f":{},"b":{},"_coverageSchema":"43e27e138ebf9cfc5966b082cf9a028302ed4184","hash":"1904a070c9983714a4d279cecb81b065f752d93f"}
,"C:\\Users\\Sara\\proyectos-personales\\books-shop-app\\src\\js\\Card\\Card.js": {"path":"C:\\Users\\Sara\\proyectos-personales\\books-shop-app\\src\\js\\Card\\Card.js","statementMap":{"0":{"start":{"line":10,"column":4},"end":{"line":10,"column":12}},"1":{"start":{"line":11,"column":4},"end":{"line":14,"column":5}},"2":{"start":{"line":15,"column":4},"end":{"line":15,"column":61}},"3":{"start":{"line":19,"column":21},"end":{"line":19,"column":31}},"4":{"start":{"line":20,"column":29},"end":{"line":20,"column":74}},"5":{"start":{"line":21,"column":4},"end":{"line":21,"column":44}},"6":{"start":{"line":22,"column":4},"end":{"line":25,"column":6}},"7":{"start":{"line":26,"column":4},"end":{"line":26,"column":77}},"8":{"start":{"line":30,"column":4},"end":{"line":51,"column":6}}},"fnMap":{"0":{"name":"(anonymous_0)","decl":{"start":{"line":9,"column":2},"end":{"line":9,"column":3}},"loc":{"start":{"line":9,"column":15},"end":{"line":16,"column":3}},"line":9},"1":{"name":"(anonymous_1)","decl":{"start":{"line":18,"column":2},"end":{"line":18,"column":3}},"loc":{"start":{"line":18,"column":20},"end":{"line":27,"column":3}},"line":18},"2":{"name":"(anonymous_2)","decl":{"start":{"line":29,"column":2},"end":{"line":29,"column":3}},"loc":{"start":{"line":29,"column":11},"end":{"line":52,"column":3}},"line":29}},"branchMap":{"0":{"loc":{"start":{"line":20,"column":29},"end":{"line":20,"column":74}},"type":"cond-expr","locations":[{"start":{"line":20,"column":38},"end":{"line":20,"column":59}},{"start":{"line":20,"column":62},"end":{"line":20,"column":74}}],"line":20},"1":{"loc":{"start":{"line":21,"column":4},"end":{"line":21,"column":43}},"type":"binary-expr","locations":[{"start":{"line":21,"column":4},"end":{"line":21,"column":10}},{"start":{"line":21,"column":14},"end":{"line":21,"column":43}}],"line":21}},"s":{"0":4,"1":4,"2":4,"3":2,"4":2,"5":2,"6":2,"7":2,"8":8},"f":{"0":4,"1":2,"2":8},"b":{"0":[1,1],"1":[2,1]},"_coverageSchema":"43e27e138ebf9cfc5966b082cf9a028302ed4184","hash":"fcdd98d0fadc23e995b607dd21b2c09d0858298f"}
,"C:\\Users\\Sara\\proyectos-personales\\books-shop-app\\src\\js\\Modal\\Modal.js": {"path":"C:\\Users\\Sara\\proyectos-personales\\books-shop-app\\src\\js\\Modal\\Modal.js","statementMap":{"0":{"start":{"line":8,"column":4},"end":{"line":8,"column":17}},"1":{"start":{"line":9,"column":4},"end":{"line":11,"column":6}},"2":{"start":{"line":12,"column":4},"end":{"line":12,"column":45}},"3":{"start":{"line":16,"column":20},"end":{"line":16,"column":30}},"4":{"start":{"line":17,"column":4},"end":{"line":19,"column":7}},"5":{"start":{"line":23,"column":4},"end":{"line":45,"column":6}}},"fnMap":{"0":{"name":"(anonymous_0)","decl":{"start":{"line":7,"column":2},"end":{"line":7,"column":3}},"loc":{"start":{"line":7,"column":21},"end":{"line":13,"column":3}},"line":7},"1":{"name":"(anonymous_1)","decl":{"start":{"line":15,"column":2},"end":{"line":15,"column":3}},"loc":{"start":{"line":15,"column":13},"end":{"line":20,"column":3}},"line":15},"2":{"name":"(anonymous_2)","decl":{"start":{"line":22,"column":2},"end":{"line":22,"column":3}},"loc":{"start":{"line":22,"column":11},"end":{"line":46,"column":3}},"line":22}},"branchMap":{},"s":{"0":3,"1":3,"2":3,"3":1,"4":1,"5":5},"f":{"0":3,"1":1,"2":5},"b":{},"_coverageSchema":"43e27e138ebf9cfc5966b082cf9a028302ed4184","hash":"dbf4fe29aa416bfd2bb69ead5837f2d3264af4d8"}
,"C:\\Users\\Sara\\proyectos-personales\\books-shop-app\\src\\redux\\actions.js": {"path":"C:\\Users\\Sara\\proyectos-personales\\books-shop-app\\src\\redux\\actions.js","statementMap":{"0":{"start":{"line":6,"column":28},"end":{"line":6,"column":42}},"1":{"start":{"line":7,"column":24},"end":{"line":7,"column":34}},"2":{"start":{"line":8,"column":36},"end":{"line":8,"column":58}},"3":{"start":{"line":11,"column":18},"end":{"line":11,"column":20}},"4":{"start":{"line":12,"column":4},"end":{"line":12,"column":28}},"5":{"start":{"line":13,"column":4},"end":{"line":16,"column":9}},"6":{"start":{"line":20,"column":26},"end":{"line":21,"column":318}},"7":{"start":{"line":21,"column":46},"end":{"line":21,"column":298}},"8":{"start":{"line":23,"column":28},"end":{"line":24,"column":322}},"9":{"start":{"line":24,"column":48},"end":{"line":24,"column":302}},"10":{"start":{"line":26,"column":4},"end":{"line":29,"column":9}},"11":{"start":{"line":33,"column":4},"end":{"line":57,"column":5}},"12":{"start":{"line":36,"column":27},"end":{"line":36,"column":53}},"13":{"start":{"line":39,"column":30},"end":{"line":39,"column":61}},"14":{"start":{"line":42,"column":28},"end":{"line":42,"column":61}},"15":{"start":{"line":43,"column":30},"end":{"line":43,"column":63}},"16":{"start":{"line":46,"column":8},"end":{"line":46,"column":58}},"17":{"start":{"line":47,"column":25},"end":{"line":47,"column":79}},"18":{"start":{"line":50,"column":22},"end":{"line":50,"column":55}},"19":{"start":{"line":51,"column":8},"end":{"line":51,"column":36}},"20":{"start":{"line":53,"column":8},"end":{"line":56,"column":10}}},"fnMap":{"0":{"name":"requestInfo","decl":{"start":{"line":10,"column":16},"end":{"line":10,"column":27}},"loc":{"start":{"line":10,"column":30},"end":{"line":17,"column":1}},"line":10},"1":{"name":"mapInfo","decl":{"start":{"line":19,"column":16},"end":{"line":19,"column":23}},"loc":{"start":{"line":19,"column":35},"end":{"line":30,"column":1}},"line":19},"2":{"name":"(anonymous_2)","decl":{"start":{"line":21,"column":29},"end":{"line":21,"column":30}},"loc":{"start":{"line":21,"column":46},"end":{"line":21,"column":298}},"line":21},"3":{"name":"(anonymous_3)","decl":{"start":{"line":24,"column":31},"end":{"line":24,"column":32}},"loc":{"start":{"line":24,"column":48},"end":{"line":24,"column":302}},"line":24},"4":{"name":"buildPurchaseArray","decl":{"start":{"line":32,"column":16},"end":{"line":32,"column":34}},"loc":{"start":{"line":32,"column":55},"end":{"line":58,"column":1}},"line":32},"5":{"name":"(anonymous_5)","decl":{"start":{"line":33,"column":11},"end":{"line":33,"column":12}},"loc":{"start":{"line":33,"column":23},"end":{"line":57,"column":5}},"line":33}},"branchMap":{"0":{"loc":{"start":{"line":20,"column":26},"end":{"line":21,"column":318}},"type":"cond-expr","locations":[{"start":{"line":21,"column":4},"end":{"line":21,"column":300}},{"start":{"line":21,"column":303},"end":{"line":21,"column":318}}],"line":20},"1":{"loc":{"start":{"line":20,"column":26},"end":{"line":20,"column":105}},"type":"binary-expr","locations":[{"start":{"line":20,"column":26},"end":{"line":20,"column":46}},{"start":{"line":20,"column":50},"end":{"line":20,"column":70}},{"start":{"line":20,"column":74},"end":{"line":20,"column":105}}],"line":20},"2":{"loc":{"start":{"line":23,"column":28},"end":{"line":24,"column":322}},"type":"cond-expr","locations":[{"start":{"line":24,"column":4},"end":{"line":24,"column":304}},{"start":{"line":24,"column":307},"end":{"line":24,"column":322}}],"line":23},"3":{"loc":{"start":{"line":23,"column":28},"end":{"line":23,"column":111}},"type":"binary-expr","locations":[{"start":{"line":23,"column":28},"end":{"line":23,"column":48}},{"start":{"line":23,"column":52},"end":{"line":23,"column":74}},{"start":{"line":23,"column":78},"end":{"line":23,"column":111}}],"line":23},"4":{"loc":{"start":{"line":42,"column":28},"end":{"line":42,"column":61}},"type":"binary-expr","locations":[{"start":{"line":42,"column":28},"end":{"line":42,"column":38}},{"start":{"line":42,"column":42},"end":{"line":42,"column":61}}],"line":42},"5":{"loc":{"start":{"line":43,"column":30},"end":{"line":43,"column":63}},"type":"binary-expr","locations":[{"start":{"line":43,"column":30},"end":{"line":43,"column":41}},{"start":{"line":43,"column":45},"end":{"line":43,"column":63}}],"line":43},"6":{"loc":{"start":{"line":46,"column":8},"end":{"line":46,"column":58}},"type":"binary-expr","locations":[{"start":{"line":46,"column":8},"end":{"line":46,"column":21}},{"start":{"line":46,"column":25},"end":{"line":46,"column":58}}],"line":46},"7":{"loc":{"start":{"line":50,"column":22},"end":{"line":50,"column":55}},"type":"cond-expr","locations":[{"start":{"line":50,"column":31},"end":{"line":50,"column":44}},{"start":{"line":50,"column":47},"end":{"line":50,"column":55}}],"line":50}},"s":{"0":5,"1":5,"2":5,"3":1,"4":1,"5":1,"6":3,"7":2,"8":3,"9":2,"10":3,"11":2,"12":2,"13":2,"14":2,"15":2,"16":2,"17":2,"18":2,"19":2,"20":2},"f":{"0":1,"1":3,"2":2,"3":2,"4":2,"5":2},"b":{"0":[1,2],"1":[3,2,2],"2":[1,2],"3":[3,2,2],"4":[2,1],"5":[2,1],"6":[2,1],"7":[1,1]},"_coverageSchema":"43e27e138ebf9cfc5966b082cf9a028302ed4184","hash":"f55544be93de6f8530959b94ae643972a13a32c1"}
,"C:\\Users\\Sara\\proyectos-personales\\books-shop-app\\src\\redux\\actionsUtils.js": {"path":"C:\\Users\\Sara\\proyectos-personales\\books-shop-app\\src\\redux\\actionsUtils.js","statementMap":{"0":{"start":{"line":4,"column":19},"end":{"line":4,"column":59}},"1":{"start":{"line":5,"column":4},"end":{"line":5,"column":34}},"2":{"start":{"line":5,"column":26},"end":{"line":5,"column":32}},"3":{"start":{"line":6,"column":4},"end":{"line":6,"column":18}},"4":{"start":{"line":10,"column":19},"end":{"line":10,"column":65}},"5":{"start":{"line":11,"column":4},"end":{"line":11,"column":34}},"6":{"start":{"line":11,"column":26},"end":{"line":11,"column":32}},"7":{"start":{"line":12,"column":4},"end":{"line":12,"column":18}},"8":{"start":{"line":16,"column":4},"end":{"line":16,"column":63}},"9":{"start":{"line":16,"column":39},"end":{"line":16,"column":61}},"10":{"start":{"line":19,"column":21},"end":{"line":21,"column":1}}},"fnMap":{"0":{"name":"getAllBooks","decl":{"start":{"line":3,"column":9},"end":{"line":3,"column":20}},"loc":{"start":{"line":3,"column":22},"end":{"line":7,"column":1}},"line":3},"1":{"name":"(anonymous_1)","decl":{"start":{"line":5,"column":20},"end":{"line":5,"column":21}},"loc":{"start":{"line":5,"column":26},"end":{"line":5,"column":32}},"line":5},"2":{"name":"getPurchaseBooks","decl":{"start":{"line":9,"column":9},"end":{"line":9,"column":25}},"loc":{"start":{"line":9,"column":27},"end":{"line":13,"column":1}},"line":9},"3":{"name":"(anonymous_3)","decl":{"start":{"line":11,"column":20},"end":{"line":11,"column":21}},"loc":{"start":{"line":11,"column":26},"end":{"line":11,"column":32}},"line":11},"4":{"name":"getFiltered","decl":{"start":{"line":15,"column":9},"end":{"line":15,"column":20}},"loc":{"start":{"line":15,"column":32},"end":{"line":17,"column":1}},"line":15},"5":{"name":"(anonymous_5)","decl":{"start":{"line":16,"column":33},"end":{"line":16,"column":34}},"loc":{"start":{"line":16,"column":39},"end":{"line":16,"column":61}},"line":16}},"branchMap":{"0":{"loc":{"start":{"line":16,"column":11},"end":{"line":16,"column":62}},"type":"binary-expr","locations":[{"start":{"line":16,"column":11},"end":{"line":16,"column":16}},{"start":{"line":16,"column":20},"end":{"line":16,"column":62}}],"line":16}},"s":{"0":0,"1":0,"2":0,"3":0,"4":0,"5":0,"6":0,"7":0,"8":0,"9":0,"10":5},"f":{"0":0,"1":0,"2":0,"3":0,"4":0,"5":0},"b":{"0":[0,0]},"_coverageSchema":"43e27e138ebf9cfc5966b082cf9a028302ed4184","hash":"94796f600c9de176027433ab9b437ae2e3ea2c83"}
,"C:\\Users\\Sara\\proyectos-personales\\books-shop-app\\src\\redux\\reducers\\buildPurchaseArray.js": {"path":"C:\\Users\\Sara\\proyectos-personales\\books-shop-app\\src\\redux\\reducers\\buildPurchaseArray.js","statementMap":{"0":{"start":{"line":3,"column":21},"end":{"line":5,"column":1}},"1":{"start":{"line":8,"column":4},"end":{"line":13,"column":5}},"2":{"start":{"line":10,"column":8},"end":{"line":10,"column":69}},"3":{"start":{"line":12,"column":8},"end":{"line":12,"column":20}}},"fnMap":{"0":{"name":"buildPurchaseArray","decl":{"start":{"line":7,"column":16},"end":{"line":7,"column":34}},"loc":{"start":{"line":7,"column":64},"end":{"line":14,"column":1}},"line":7}},"branchMap":{"0":{"loc":{"start":{"line":7,"column":35},"end":{"line":7,"column":55}},"type":"default-arg","locations":[{"start":{"line":7,"column":43},"end":{"line":7,"column":55}}],"line":7},"1":{"loc":{"start":{"line":8,"column":4},"end":{"line":13,"column":5}},"type":"switch","locations":[{"start":{"line":9,"column":8},"end":{"line":10,"column":69}},{"start":{"line":11,"column":8},"end":{"line":12,"column":20}}],"line":8}},"s":{"0":1,"1":3,"2":2,"3":1},"f":{"0":3},"b":{"0":[1],"1":[2,1]},"_coverageSchema":"43e27e138ebf9cfc5966b082cf9a028302ed4184","hash":"8cb370c9026eeb3730678150beaf5de0a57e417a"}
,"C:\\Users\\Sara\\proyectos-personales\\books-shop-app\\src\\redux\\reducers\\mapInfo.js": {"path":"C:\\Users\\Sara\\proyectos-personales\\books-shop-app\\src\\redux\\reducers\\mapInfo.js","statementMap":{"0":{"start":{"line":3,"column":21},"end":{"line":6,"column":1}},"1":{"start":{"line":9,"column":4},"end":{"line":14,"column":5}},"2":{"start":{"line":11,"column":8},"end":{"line":11,"column":121}},"3":{"start":{"line":13,"column":8},"end":{"line":13,"column":20}}},"fnMap":{"0":{"name":"mapInfo","decl":{"start":{"line":8,"column":16},"end":{"line":8,"column":23}},"loc":{"start":{"line":8,"column":53},"end":{"line":15,"column":1}},"line":8}},"branchMap":{"0":{"loc":{"start":{"line":8,"column":24},"end":{"line":8,"column":44}},"type":"default-arg","locations":[{"start":{"line":8,"column":32},"end":{"line":8,"column":44}}],"line":8},"1":{"loc":{"start":{"line":9,"column":4},"end":{"line":14,"column":5}},"type":"switch","locations":[{"start":{"line":10,"column":8},"end":{"line":11,"column":121}},{"start":{"line":12,"column":8},"end":{"line":13,"column":20}}],"line":9}},"s":{"0":1,"1":3,"2":2,"3":1},"f":{"0":3},"b":{"0":[1],"1":[2,1]},"_coverageSchema":"43e27e138ebf9cfc5966b082cf9a028302ed4184","hash":"6a7b022e1e29e313f82ba1289eb9522f05ee6d6b"}
,"C:\\Users\\Sara\\proyectos-personales\\books-shop-app\\src\\redux\\reducers\\requestInfo.js": {"path":"C:\\Users\\Sara\\proyectos-personales\\books-shop-app\\src\\redux\\reducers\\requestInfo.js","statementMap":{"0":{"start":{"line":3,"column":21},"end":{"line":5,"column":1}},"1":{"start":{"line":8,"column":4},"end":{"line":13,"column":5}},"2":{"start":{"line":10,"column":8},"end":{"line":10,"column":68}},"3":{"start":{"line":12,"column":8},"end":{"line":12,"column":20}}},"fnMap":{"0":{"name":"requestInfo","decl":{"start":{"line":7,"column":16},"end":{"line":7,"column":27}},"loc":{"start":{"line":7,"column":57},"end":{"line":14,"column":1}},"line":7}},"branchMap":{"0":{"loc":{"start":{"line":7,"column":28},"end":{"line":7,"column":48}},"type":"default-arg","locations":[{"start":{"line":7,"column":36},"end":{"line":7,"column":48}}],"line":7},"1":{"loc":{"start":{"line":8,"column":4},"end":{"line":13,"column":5}},"type":"switch","locations":[{"start":{"line":9,"column":8},"end":{"line":10,"column":68}},{"start":{"line":11,"column":8},"end":{"line":12,"column":20}}],"line":8}},"s":{"0":1,"1":3,"2":2,"3":1},"f":{"0":3},"b":{"0":[1],"1":[2,1]},"_coverageSchema":"43e27e138ebf9cfc5966b082cf9a028302ed4184","hash":"1849ce3f276ec4097fe65b7e8fdde94292cd33cb"}
}
