{"C:\\Users\\Sara\\proyectos-personales\\books-shop-app\\src\\images\\icons\\Heart.js": {"path":"C:\\Users\\Sara\\proyectos-personales\\books-shop-app\\src\\images\\icons\\Heart.js","statementMap":{"0":{"start":{"line":3,"column":21},"end":{"line":3,"column":508}}},"fnMap":{},"branchMap":{},"s":{"0":1},"f":{},"b":{},"_coverageSchema":"43e27e138ebf9cfc5966b082cf9a028302ed4184","hash":"1904a070c9983714a4d279cecb81b065f752d93f"}
,"C:\\Users\\Sara\\proyectos-personales\\books-shop-app\\src\\js\\Card\\Card.js": {"path":"C:\\Users\\Sara\\proyectos-personales\\books-shop-app\\src\\js\\Card\\Card.js","statementMap":{"0":{"start":{"line":10,"column":4},"end":{"line":10,"column":12}},"1":{"start":{"line":11,"column":4},"end":{"line":14,"column":5}},"2":{"start":{"line":15,"column":4},"end":{"line":15,"column":61}},"3":{"start":{"line":19,"column":21},"end":{"line":19,"column":31}},"4":{"start":{"line":20,"column":29},"end":{"line":20,"column":74}},"5":{"start":{"line":21,"column":4},"end":{"line":21,"column":44}},"6":{"start":{"line":22,"column":4},"end":{"line":25,"column":6}},"7":{"start":{"line":26,"column":4},"end":{"line":26,"column":77}},"8":{"start":{"line":30,"column":4},"end":{"line":51,"column":6}}},"fnMap":{"0":{"name":"(anonymous_0)","decl":{"start":{"line":9,"column":2},"end":{"line":9,"column":3}},"loc":{"start":{"line":9,"column":15},"end":{"line":16,"column":3}},"line":9},"1":{"name":"(anonymous_1)","decl":{"start":{"line":18,"column":2},"end":{"line":18,"column":3}},"loc":{"start":{"line":18,"column":20},"end":{"line":27,"column":3}},"line":18},"2":{"name":"(anonymous_2)","decl":{"start":{"line":29,"column":2},"end":{"line":29,"column":3}},"loc":{"start":{"line":29,"column":11},"end":{"line":52,"column":3}},"line":29}},"branchMap":{"0":{"loc":{"start":{"line":20,"column":29},"end":{"line":20,"column":74}},"type":"cond-expr","locations":[{"start":{"line":20,"column":38},"end":{"line":20,"column":59}},{"start":{"line":20,"column":62},"end":{"line":20,"column":74}}],"line":20},"1":{"loc":{"start":{"line":21,"column":4},"end":{"line":21,"column":43}},"type":"binary-expr","locations":[{"start":{"line":21,"column":4},"end":{"line":21,"column":10}},{"start":{"line":21,"column":14},"end":{"line":21,"column":43}}],"line":21}},"s":{"0":3,"1":3,"2":3,"3":2,"4":2,"5":2,"6":2,"7":2,"8":7},"f":{"0":3,"1":2,"2":7},"b":{"0":[1,1],"1":[2,1]},"_coverageSchema":"43e27e138ebf9cfc5966b082cf9a028302ed4184","hash":"fcdd98d0fadc23e995b607dd21b2c09d0858298f"}
,"C:\\Users\\Sara\\proyectos-personales\\books-shop-app\\src\\js\\Modal\\Modal.js": {"path":"C:\\Users\\Sara\\proyectos-personales\\books-shop-app\\src\\js\\Modal\\Modal.js","statementMap":{"0":{"start":{"line":8,"column":4},"end":{"line":8,"column":17}},"1":{"start":{"line":9,"column":4},"end":{"line":11,"column":6}},"2":{"start":{"line":12,"column":4},"end":{"line":12,"column":45}},"3":{"start":{"line":16,"column":20},"end":{"line":16,"column":30}},"4":{"start":{"line":17,"column":4},"end":{"line":19,"column":7}},"5":{"start":{"line":23,"column":4},"end":{"line":45,"column":6}}},"fnMap":{"0":{"name":"(anonymous_0)","decl":{"start":{"line":7,"column":2},"end":{"line":7,"column":3}},"loc":{"start":{"line":7,"column":21},"end":{"line":13,"column":3}},"line":7},"1":{"name":"(anonymous_1)","decl":{"start":{"line":15,"column":2},"end":{"line":15,"column":3}},"loc":{"start":{"line":15,"column":13},"end":{"line":20,"column":3}},"line":15},"2":{"name":"(anonymous_2)","decl":{"start":{"line":22,"column":2},"end":{"line":22,"column":3}},"loc":{"start":{"line":22,"column":11},"end":{"line":46,"column":3}},"line":22}},"branchMap":{},"s":{"0":1,"1":1,"2":1,"3":0,"4":0,"5":1},"f":{"0":1,"1":0,"2":1},"b":{},"_coverageSchema":"43e27e138ebf9cfc5966b082cf9a028302ed4184","hash":"dbf4fe29aa416bfd2bb69ead5837f2d3264af4d8"}
,"C:\\Users\\Sara\\proyectos-personales\\books-shop-app\\src\\redux\\actions.js": {"path":"C:\\Users\\Sara\\proyectos-personales\\books-shop-app\\src\\redux\\actions.js","statementMap":{"0":{"start":{"line":6,"column":28},"end":{"line":6,"column":42}},"1":{"start":{"line":7,"column":24},"end":{"line":7,"column":34}},"2":{"start":{"line":8,"column":36},"end":{"line":8,"column":58}},"3":{"start":{"line":11,"column":18},"end":{"line":11,"column":20}},"4":{"start":{"line":12,"column":4},"end":{"line":12,"column":28}},"5":{"start":{"line":13,"column":4},"end":{"line":16,"column":9}},"6":{"start":{"line":20,"column":26},"end":{"line":21,"column":318}},"7":{"start":{"line":21,"column":46},"end":{"line":21,"column":298}},"8":{"start":{"line":23,"column":28},"end":{"line":24,"column":322}},"9":{"start":{"line":24,"column":48},"end":{"line":24,"column":302}},"10":{"start":{"line":29,"column":4},"end":{"line":32,"column":9}},"11":{"start":{"line":36,"column":4},"end":{"line":68,"column":5}},"12":{"start":{"line":40,"column":12},"end":{"line":40,"column":60}},"13":{"start":{"line":42,"column":8},"end":{"line":42,"column":39}},"14":{"start":{"line":43,"column":27},"end":{"line":43,"column":42}},"15":{"start":{"line":47,"column":12},"end":{"line":47,"column":66}},"16":{"start":{"line":49,"column":8},"end":{"line":49,"column":42}},"17":{"start":{"line":50,"column":30},"end":{"line":50,"column":48}},"18":{"start":{"line":53,"column":28},"end":{"line":53,"column":47}},"19":{"start":{"line":54,"column":30},"end":{"line":54,"column":48}},"20":{"start":{"line":57,"column":8},"end":{"line":57,"column":41}},"21":{"start":{"line":58,"column":25},"end":{"line":58,"column":89}},"22":{"start":{"line":58,"column":54},"end":{"line":58,"column":88}},"23":{"start":{"line":61,"column":22},"end":{"line":61,"column":55}},"24":{"start":{"line":62,"column":8},"end":{"line":62,"column":36}},"25":{"start":{"line":64,"column":8},"end":{"line":67,"column":10}}},"fnMap":{"0":{"name":"requestInfo","decl":{"start":{"line":10,"column":16},"end":{"line":10,"column":27}},"loc":{"start":{"line":10,"column":30},"end":{"line":17,"column":1}},"line":10},"1":{"name":"mapInfo","decl":{"start":{"line":19,"column":16},"end":{"line":19,"column":23}},"loc":{"start":{"line":19,"column":35},"end":{"line":33,"column":1}},"line":19},"2":{"name":"(anonymous_2)","decl":{"start":{"line":21,"column":29},"end":{"line":21,"column":30}},"loc":{"start":{"line":21,"column":46},"end":{"line":21,"column":298}},"line":21},"3":{"name":"(anonymous_3)","decl":{"start":{"line":24,"column":31},"end":{"line":24,"column":32}},"loc":{"start":{"line":24,"column":48},"end":{"line":24,"column":302}},"line":24},"4":{"name":"buildPurchaseArray","decl":{"start":{"line":35,"column":16},"end":{"line":35,"column":34}},"loc":{"start":{"line":35,"column":55},"end":{"line":69,"column":1}},"line":35},"5":{"name":"(anonymous_5)","decl":{"start":{"line":36,"column":11},"end":{"line":36,"column":12}},"loc":{"start":{"line":36,"column":23},"end":{"line":68,"column":5}},"line":36},"6":{"name":"getBooksArray","decl":{"start":{"line":39,"column":17},"end":{"line":39,"column":30}},"loc":{"start":{"line":39,"column":32},"end":{"line":41,"column":9}},"line":39},"7":{"name":"getPurchaseArray","decl":{"start":{"line":46,"column":17},"end":{"line":46,"column":33}},"loc":{"start":{"line":46,"column":35},"end":{"line":48,"column":9}},"line":46},"8":{"name":"(anonymous_8)","decl":{"start":{"line":58,"column":46},"end":{"line":58,"column":47}},"loc":{"start":{"line":58,"column":54},"end":{"line":58,"column":88}},"line":58}},"branchMap":{"0":{"loc":{"start":{"line":20,"column":26},"end":{"line":21,"column":318}},"type":"cond-expr","locations":[{"start":{"line":21,"column":4},"end":{"line":21,"column":300}},{"start":{"line":21,"column":303},"end":{"line":21,"column":318}}],"line":20},"1":{"loc":{"start":{"line":20,"column":26},"end":{"line":20,"column":70}},"type":"binary-expr","locations":[{"start":{"line":20,"column":26},"end":{"line":20,"column":46}},{"start":{"line":20,"column":50},"end":{"line":20,"column":70}}],"line":20},"2":{"loc":{"start":{"line":23,"column":28},"end":{"line":24,"column":322}},"type":"cond-expr","locations":[{"start":{"line":24,"column":4},"end":{"line":24,"column":304}},{"start":{"line":24,"column":307},"end":{"line":24,"column":322}}],"line":23},"3":{"loc":{"start":{"line":23,"column":28},"end":{"line":23,"column":74}},"type":"binary-expr","locations":[{"start":{"line":23,"column":28},"end":{"line":23,"column":48}},{"start":{"line":23,"column":52},"end":{"line":23,"column":74}}],"line":23},"4":{"loc":{"start":{"line":61,"column":22},"end":{"line":61,"column":55}},"type":"cond-expr","locations":[{"start":{"line":61,"column":31},"end":{"line":61,"column":44}},{"start":{"line":61,"column":47},"end":{"line":61,"column":55}}],"line":61}},"s":{"0":1,"1":1,"2":1,"3":0,"4":0,"5":0,"6":0,"7":0,"8":0,"9":0,"10":0,"11":0,"12":0,"13":0,"14":0,"15":0,"16":0,"17":0,"18":0,"19":0,"20":0,"21":0,"22":0,"23":0,"24":0,"25":0},"f":{"0":0,"1":0,"2":0,"3":0,"4":0,"5":0,"6":0,"7":0,"8":0},"b":{"0":[0,0],"1":[0,0],"2":[0,0],"3":[0,0],"4":[0,0]},"_coverageSchema":"43e27e138ebf9cfc5966b082cf9a028302ed4184","hash":"7def5f1c38e4b88a75803005c237f53d45c5f27c"}
}
