TN:
SF:C:\Users\Sara\proyectos-personales\books-shop-app\src\images\icons\Heart.js
FNF:0
FNH:0
DA:3,1
LF:1
LH:1
BRF:0
BRH:0
end_of_record
TN:
SF:C:\Users\Sara\proyectos-personales\books-shop-app\src\js\Card\Card.js
FN:9,(anonymous_0)
FN:18,(anonymous_1)
FN:29,(anonymous_2)
FNF:3
FNH:3
FNDA:3,(anonymous_0)
FNDA:2,(anonymous_1)
FNDA:7,(anonymous_2)
DA:10,3
DA:11,3
DA:15,3
DA:19,2
DA:20,2
DA:21,2
DA:22,2
DA:26,2
DA:30,7
LF:9
LH:9
BRDA:20,0,0,1
BRDA:20,0,1,1
BRDA:21,1,0,2
BRDA:21,1,1,1
BRF:4
BRH:4
end_of_record
TN:
SF:C:\Users\Sara\proyectos-personales\books-shop-app\src\js\Modal\Modal.js
FN:7,(anonymous_0)
FN:15,(anonymous_1)
FN:22,(anonymous_2)
FNF:3
FNH:2
FNDA:1,(anonymous_0)
FNDA:0,(anonymous_1)
FNDA:1,(anonymous_2)
DA:8,1
DA:9,1
DA:12,1
DA:16,0
DA:17,0
DA:23,1
LF:6
LH:4
BRF:0
BRH:0
end_of_record
TN:
SF:C:\Users\Sara\proyectos-personales\books-shop-app\src\redux\actions.js
FN:10,requestInfo
FN:19,mapInfo
FN:21,(anonymous_2)
FN:24,(anonymous_3)
FN:35,buildPurchaseArray
FN:36,(anonymous_5)
FN:39,getBooksArray
FN:46,getPurchaseArray
FN:58,(anonymous_8)
FNF:9
FNH:0
FNDA:0,requestInfo
FNDA:0,mapInfo
FNDA:0,(anonymous_2)
FNDA:0,(anonymous_3)
FNDA:0,buildPurchaseArray
FNDA:0,(anonymous_5)
FNDA:0,getBooksArray
FNDA:0,getPurchaseArray
FNDA:0,(anonymous_8)
DA:6,1
DA:7,1
DA:8,1
DA:11,0
DA:12,0
DA:13,0
DA:20,0
DA:21,0
DA:23,0
DA:24,0
DA:29,0
DA:36,0
DA:40,0
DA:42,0
DA:43,0
DA:47,0
DA:49,0
DA:50,0
DA:53,0
DA:54,0
DA:57,0
DA:58,0
DA:61,0
DA:62,0
DA:64,0
LF:25
LH:3
BRDA:20,0,0,0
BRDA:20,0,1,0
BRDA:20,1,0,0
BRDA:20,1,1,0
BRDA:23,2,0,0
BRDA:23,2,1,0
BRDA:23,3,0,0
BRDA:23,3,1,0
BRDA:61,4,0,0
BRDA:61,4,1,0
BRF:10
BRH:0
end_of_record
