TN:
SF:C:\Users\Sara\proyectos-personales\books-shop-app\src\images\icons\Heart.js
FNF:0
FNH:0
DA:3,2
LF:1
LH:1
BRF:0
BRH:0
end_of_record
TN:
SF:C:\Users\Sara\proyectos-personales\books-shop-app\src\js\Card\Card.js
FN:9,(anonymous_0)
FN:18,(anonymous_1)
FN:29,(anonymous_2)
FNF:3
FNH:3
FNDA:4,(anonymous_0)
FNDA:2,(anonymous_1)
FNDA:8,(anonymous_2)
DA:10,4
DA:11,4
DA:15,4
DA:19,2
DA:20,2
DA:21,2
DA:22,2
DA:26,2
DA:30,8
LF:9
LH:9
BRDA:20,0,0,1
BRDA:20,0,1,1
BRDA:21,1,0,2
BRDA:21,1,1,1
BRF:4
BRH:4
end_of_record
TN:
SF:C:\Users\Sara\proyectos-personales\books-shop-app\src\js\Modal\Modal.js
FN:7,(anonymous_0)
FN:15,(anonymous_1)
FN:22,(anonymous_2)
FNF:3
FNH:3
FNDA:3,(anonymous_0)
FNDA:1,(anonymous_1)
FNDA:5,(anonymous_2)
DA:8,3
DA:9,3
DA:12,3
DA:16,1
DA:17,1
DA:23,5
LF:6
LH:6
BRF:0
BRH:0
end_of_record
TN:
SF:C:\Users\Sara\proyectos-personales\books-shop-app\src\redux\actions.js
FN:11,requestInfo
FN:20,mapInfo
FN:22,(anonymous_2)
FN:25,(anonymous_3)
FN:36,buildPurchaseArray
FN:37,(anonymous_5)
FNF:6
FNH:6
FNDA:1,requestInfo
FNDA:3,mapInfo
FNDA:2,(anonymous_2)
FNDA:2,(anonymous_3)
FNDA:2,buildPurchaseArray
FNDA:2,(anonymous_5)
DA:7,2
DA:8,2
DA:9,2
DA:12,1
DA:13,1
DA:14,1
DA:21,3
DA:22,2
DA:24,3
DA:25,2
DA:30,3
DA:37,2
DA:44,2
DA:51,2
DA:54,2
DA:55,2
DA:58,2
DA:60,2
DA:63,2
DA:64,2
DA:66,2
LF:21
LH:21
BRDA:21,0,0,1
BRDA:21,0,1,2
BRDA:21,1,0,3
BRDA:21,1,1,2
BRDA:21,1,2,2
BRDA:24,2,0,1
BRDA:24,2,1,2
BRDA:24,3,0,3
BRDA:24,3,1,2
BRDA:24,3,2,2
BRDA:54,4,0,2
BRDA:54,4,1,1
BRDA:55,5,0,2
BRDA:55,5,1,1
BRDA:58,6,0,2
BRDA:58,6,1,1
BRDA:63,7,0,1
BRDA:63,7,1,1
BRF:18
BRH:18
end_of_record
TN:
SF:C:\Users\Sara\proyectos-personales\books-shop-app\src\redux\actionsUtils.js
FN:3,getAllBooks
FN:5,(anonymous_1)
FN:9,getPurchaseBooks
FN:11,(anonymous_3)
FN:15,getFiltered
FN:16,(anonymous_5)
FNF:6
FNH:0
FNDA:0,getAllBooks
FNDA:0,(anonymous_1)
FNDA:0,getPurchaseBooks
FNDA:0,(anonymous_3)
FNDA:0,getFiltered
FNDA:0,(anonymous_5)
DA:4,0
DA:5,0
DA:6,0
DA:10,0
DA:11,0
DA:12,0
DA:16,0
DA:19,2
LF:8
LH:1
BRDA:16,0,0,0
BRDA:16,0,1,0
BRF:2
BRH:0
end_of_record
